<?xml version="1.0" encoding="UTF-8"?>
<!-- Generated by org.testng.reporters.JUnitReportReporter -->
<testsuite hostname="LAPTOP-FQC57GJN" failures="0" tests="2" name="Calculate" time="0.005" errors="0" timestamp="2021-06-09T11:48:39 IST" skipped="0">
  <testcase classname="Calculate" name="emptyString" time="0.005"/>
  <system-out/>
  <testcase classname="Calculate" name="singleNumber" time="0.000"/>
  <system-out/>
</testsuite> <!-- Calculate -->
