<?xml version="1.0" encoding="UTF-8"?>
<!-- Generated by org.testng.reporters.JUnitReportReporter -->
<testsuite hostname="LAPTOP-FQC57GJN" failures="0" tests="1" name="Calculate" time="0.008" errors="0" timestamp="2021-06-09T11:30:01 IST" skipped="0">
  <testcase classname="Calculate" name="emptyString" time="0.008"/>
  <system-out/>
</testsuite> <!-- Calculate -->
